

-------------------------------Initializing workers...
Sat Oct 21 2017 17:05:31 GMT-0500 (SA Pacific Standard Time) Cluster MASTER starting... PID: 18936. Initializing 8 workers!
Cluster worker PID: 12556 started!
Cluster worker PID: 5068 started!
Cluster worker PID: 2396 started!
Cluster worker PID: 20288 started!
Cluster worker PID: 11388 started!
Cluster worker PID: 2616 started!
Cluster worker PID: 21396 started!
Cluster worker PID: 20364 started!
Cluster worker PID: 12556 listening! the worker is now connected to localhost:4001 [type: TCPv4]
Cluster worker PID: 2396 listening! the worker is now connected to localhost:4001 [type: TCPv4]
Cluster worker PID: 5068 listening! the worker is now connected to localhost:4001 [type: TCPv4]
Cluster worker PID: 20288 listening! the worker is now connected to localhost:4001 [type: TCPv4]
Cluster worker PID: 2616 listening! the worker is now connected to localhost:4001 [type: TCPv4]
Cluster worker PID: 11388 listening! the worker is now connected to localhost:4001 [type: TCPv4]
Cluster worker PID: 20364 listening! the worker is now connected to localhost:4001 [type: TCPv4]
Cluster worker PID: 21396 listening! the worker is now connected to localhost:4001 [type: TCPv4]
Cluster worker PID: 20364 disconnected!
Cluster worker PID: 20364 killed! [details - code: 3221225786, signal: null]
Starting a new worker...
Cluster worker PID: 12768 started!
Cluster worker PID: 21396 disconnected!
Cluster worker PID: 21396 killed! [details - code: 3221225786, signal: null]
Starting a new worker...
Cluster worker PID: 21108 started!
Cluster worker PID: 2616 disconnected!
Cluster worker PID: 2616 killed! [details - code: 3221225786, signal: null]
Starting a new worker...
Cluster worker PID: 20636 started!
Cluster worker PID: 11388 disconnected!
Cluster worker PID: 11388 killed! [details - code: 3221225786, signal: null]
Starting a new worker...
Cluster worker PID: 18884 started!
Cluster worker PID: 20288 disconnected!
Cluster worker PID: 20288 killed! [details - code: 3221225786, signal: null]
Starting a new worker...
Cluster worker PID: 4524 started!
Cluster worker PID: 2396 disconnected!
Cluster worker PID: 2396 killed! [details - code: 3221225786, signal: null]
Starting a new worker...
Cluster worker PID: 2736 started!
Cluster worker PID: 5068 disconnected!
Cluster worker PID: 5068 killed! [details - code: 3221225786, signal: null]
Starting a new worker...
Cluster worker PID: 20544 started!
Cluster worker PID: 12556 disconnected!
Cluster worker PID: 12556 killed! [details - code: 3221225786, signal: null]
Starting a new worker...
